<?xml version="1.0" encoding="UTF-8"?>
<testsuites>
  <testsuite name="fastlane.lanes">
    
    
    
      
      <testcase classname="fastlane.lanes" name="0: cocoapods" time="1.718454">
        
      </testcase>
    
      
      <testcase classname="fastlane.lanes" name="1: git_add" time="0.024418">
        
      </testcase>
    
      
      <testcase classname="fastlane.lanes" name="2: git_commit" time="0.040921">
        
      </testcase>
    
      
      <testcase classname="fastlane.lanes" name="3: push_to_git_remote" time="10.575696">
        
      </testcase>
    
      
      <testcase classname="fastlane.lanes" name="4: add_git_tag" time="0.021719">
        
      </testcase>
    
      
      <testcase classname="fastlane.lanes" name="5: push_git_tags" time="11.358364">
        
      </testcase>
    
      
      <testcase classname="fastlane.lanes" name="6: pod_lib_lint" time="66.863287">
        
          <failure message="/Library/Ruby/Gems/2.6.0/gems/fastlane-2.192.0/fastlane/lib/fastlane/actions/actions_helper.rb:67:in `execute_action'&#10;/Library/Ruby/Gems/2.6.0/gems/fastlane-2.192.0/fastlane/lib/fastlane/runner.rb:255:in `block in execute_action'&#10;/Library/Ruby/Gems/2.6.0/gems/fastlane-2.192.0/fastlane/lib/fastlane/runner.rb:229:in `chdir'&#10;/Library/Ruby/Gems/2.6.0/gems/fastlane-2.192.0/fastlane/lib/fastlane/runner.rb:229:in `execute_action'&#10;/Library/Ruby/Gems/2.6.0/gems/fastlane-2.192.0/fastlane/lib/fastlane/runner.rb:157:in `trigger_action_by_name'&#10;/Library/Ruby/Gems/2.6.0/gems/fastlane-2.192.0/fastlane/lib/fastlane/fast_file.rb:159:in `method_missing'&#10;Fastfile:44:in `block in parsing_binding'&#10;/Library/Ruby/Gems/2.6.0/gems/fastlane-2.192.0/fastlane/lib/fastlane/lane.rb:33:in `call'&#10;/Library/Ruby/Gems/2.6.0/gems/fastlane-2.192.0/fastlane/lib/fastlane/runner.rb:49:in `block in execute'&#10;/Library/Ruby/Gems/2.6.0/gems/fastlane-2.192.0/fastlane/lib/fastlane/runner.rb:45:in `chdir'&#10;/Library/Ruby/Gems/2.6.0/gems/fastlane-2.192.0/fastlane/lib/fastlane/runner.rb:45:in `execute'&#10;/Library/Ruby/Gems/2.6.0/gems/fastlane-2.192.0/fastlane/lib/fastlane/lane_manager.rb:47:in `cruise_lane'&#10;/Library/Ruby/Gems/2.6.0/gems/fastlane-2.192.0/fastlane/lib/fastlane/command_line_handler.rb:36:in `handle'&#10;/Library/Ruby/Gems/2.6.0/gems/fastlane-2.192.0/fastlane/lib/fastlane/commands_generator.rb:109:in `block (2 levels) in run'&#10;/Library/Ruby/Gems/2.6.0/gems/commander-4.6.0/lib/commander/command.rb:187:in `call'&#10;/Library/Ruby/Gems/2.6.0/gems/commander-4.6.0/lib/commander/command.rb:157:in `run'&#10;/Library/Ruby/Gems/2.6.0/gems/commander-4.6.0/lib/commander/runner.rb:444:in `run_active_command'&#10;/Library/Ruby/Gems/2.6.0/gems/fastlane-2.192.0/fastlane_core/lib/fastlane_core/ui/fastlane_runner.rb:117:in `run!'&#10;/Library/Ruby/Gems/2.6.0/gems/commander-4.6.0/lib/commander/delegates.rb:18:in `run!'&#10;/Library/Ruby/Gems/2.6.0/gems/fastlane-2.192.0/fastlane/lib/fastlane/commands_generator.rb:353:in `run'&#10;/Library/Ruby/Gems/2.6.0/gems/fastlane-2.192.0/fastlane/lib/fastlane/commands_generator.rb:42:in `start'&#10;/Library/Ruby/Gems/2.6.0/gems/fastlane-2.192.0/fastlane/lib/fastlane/cli_tools_distributor.rb:122:in `take_off'&#10;/Library/Ruby/Gems/2.6.0/gems/fastlane-2.192.0/bin/fastlane:23:in `&lt;top (required)&gt;'&#10;/usr/local/bin/fastlane:23:in `load'&#10;/usr/local/bin/fastlane:23:in `&lt;main&gt;'&#10;&#10;Exit status of command 'bundle exec pod lib lint --allow-warnings' was 1 instead of 0.&#10;&#10; -&gt; TextEditorView -&gt; TextEditorView (0.1.1)&#10;    - WARN  | url: There was a problem validating the URL https://github.com/CodeOcenS/TextEditorView.&#10;    - ERROR | [iOS] unknown: Encountered an unknown error (/usr/bin/xcrun simctl list -j devices&#10;&#10;xcrun: error: unable to find utility &quot;simctl&quot;, not a developer tool or in PATH&#10;) during validation.&#10;&#10;[!] TextEditorView did not pass validation, due to 1 error.&#10;You can use the `--no-clean` option to inspect any issue.&#10;" />
        
      </testcase>
    
  </testsuite>
</testsuites>
